<?xml version="1.0" encoding="UTF-8"?>
<coverage generated="1654242499661" clover="3.2.0">
  <project timestamp="1654242499662" name="All files">
    <metrics statements="16" coveredstatements="15" conditionals="2" coveredconditionals="1" methods="4" coveredmethods="4" elements="22" coveredelements="20" complexity="0" loc="16" ncloc="16" packages="1" files="2" classes="2"/>
    <file name="car.js" path="/Users/beccabartholomew/bnta/labs/javascript/task_constructors_prototypes/car.js">
      <metrics statements="5" coveredstatements="5" conditionals="0" coveredconditionals="0" methods="1" coveredmethods="1"/>
      <line num="3" count="2" type="stmt"/>
      <line num="4" count="8" type="stmt"/>
      <line num="5" count="8" type="stmt"/>
      <line num="6" count="8" type="stmt"/>
      <line num="9" count="2" type="stmt"/>
    </file>
    <file name="dealership.js" path="/Users/beccabartholomew/bnta/labs/javascript/task_constructors_prototypes/dealership.js">
      <metrics statements="11" coveredstatements="10" conditionals="2" coveredconditionals="1" methods="3" coveredmethods="3"/>
      <line num="2" count="1" type="stmt"/>
      <line num="5" count="1" type="stmt"/>
      <line num="6" count="3" type="stmt"/>
      <line num="7" count="3" type="stmt"/>
      <line num="8" count="3" type="stmt"/>
      <line num="12" count="1" type="stmt"/>
      <line num="17" count="1" type="stmt"/>
      <line num="18" count="3" type="stmt"/>
      <line num="22" count="1" type="stmt"/>
      <line num="23" count="1" type="cond" truecount="1" falsecount="1"/>
      <line num="24" count="0" type="stmt"/>
    </file>
  </project>
</coverage>
